<?xml version="1.0" encoding="UTF-8"?>
<Site BuildName="(empty)"
	BuildStamp="20230615-1208-Experimental"
	Name="(empty)"
	Generator="ctest-3.25.3"
	CompilerName=""
	CompilerVersion=""
	OSName="macOS"
	Hostname="MacBook-Pro-Anna.local"
	OSRelease="13.3.1"
	OSVersion="22E772610a"
	OSPlatform="x86_64"
	Is64Bits="1"
	VendorString="GenuineIntel"
	VendorID="Intel Corporation"
	FamilyID="6"
	ModelID="142"
	ProcessorCacheSize="32768"
	NumberOfLogicalCPU="8"
	NumberOfPhysicalCPU="4"
	TotalVirtualMemory="7168"
	TotalPhysicalMemory="8192"
	LogicalProcessorsPerPhysical="8"
	ProcessorClockFrequency="1400"
	>
	<Testing>
		<StartDateTime>Jun 15 15:35 MSK</StartDateTime>
		<StartTestTime>1686832506</StartTestTime>
		<TestList/>
		<EndDateTime>Jun 15 15:35 MSK</EndDateTime>
		<EndTestTime>1686832506</EndTestTime>
		<ElapsedMinutes>0</ElapsedMinutes>
	</Testing>
</Site>
